Using pre-set license
Built from '2022.3/staging' branch; Version is '2022.3.42f1 (2dcb6a0abc42) revision 3001194'; Using compiler version '192829333'; Build Type 'Release'
OS: 'Windows 11  (10.0.22631) 64bit Core' Language: 'en' Physical Memory: 16232 MB
BatchMode: 1, IsHumanControllingUs: 0, StartBugReporterOnCrash: 0, Is64bit: 1, IsPro: 1

COMMAND LINE ARGUMENTS:
C:\Program Files\Unity\Hub\Editor\2022.3.42f1\Editor\Unity.exe
-adb2
-batchMode
-noUpm
-name
AssetImportWorker7
-projectPath
C:/Users/charl/proj/UnityBullshit/Phorge/Phorge
-logFile
Logs/AssetImportWorker7.log
-srvPort
62401
Successfully changed project path to: C:/Users/charl/proj/UnityBullshit/Phorge/Phorge
C:/Users/charl/proj/UnityBullshit/Phorge/Phorge
[UnityMemory] Configuration Parameters - Can be set up in boot.config
    "memorysetup-bucket-allocator-granularity=16"
    "memorysetup-bucket-allocator-bucket-count=8"
    "memorysetup-bucket-allocator-block-size=33554432"
    "memorysetup-bucket-allocator-block-count=8"
    "memorysetup-main-allocator-block-size=16777216"
    "memorysetup-thread-allocator-block-size=16777216"
    "memorysetup-gfx-main-allocator-block-size=16777216"
    "memorysetup-gfx-thread-allocator-block-size=16777216"
    "memorysetup-cache-allocator-block-size=4194304"
    "memorysetup-typetree-allocator-block-size=2097152"
    "memorysetup-profiler-bucket-allocator-granularity=16"
    "memorysetup-profiler-bucket-allocator-bucket-count=8"
    "memorysetup-profiler-bucket-allocator-block-size=33554432"
    "memorysetup-profiler-bucket-allocator-block-count=8"
    "memorysetup-profiler-allocator-block-size=16777216"
    "memorysetup-profiler-editor-allocator-block-size=1048576"
    "memorysetup-temp-allocator-size-main=16777216"
    "memorysetup-job-temp-allocator-block-size=2097152"
    "memorysetup-job-temp-allocator-block-size-background=1048576"
    "memorysetup-job-temp-allocator-reduction-small-platforms=262144"
    "memorysetup-allocator-temp-initial-block-size-main=262144"
    "memorysetup-allocator-temp-initial-block-size-worker=262144"
    "memorysetup-temp-allocator-size-background-worker=32768"
    "memorysetup-temp-allocator-size-job-worker=262144"
    "memorysetup-temp-allocator-size-preload-manager=33554432"
    "memorysetup-temp-allocator-size-nav-mesh-worker=65536"
    "memorysetup-temp-allocator-size-audio-worker=65536"
    "memorysetup-temp-allocator-size-cloud-worker=32768"
    "memorysetup-temp-allocator-size-gi-baking-worker=262144"
    "memorysetup-temp-allocator-size-gfx=262144"
Player connection [12988]  Target information:

Player connection [12988]  * "[IP] 11.20.13.69 [Port] 0 [Flags] 2 [Guid] 208265560 [EditorId] 208265560 [Version] 1048832 [Id] WindowsEditor(7,DESKTOP-SPO2S6H) [Debug] 1 [PackageName] WindowsEditor [ProjectName] Editor" 

Player connection [12988] Host joined multi-casting on [225.0.0.222:54997]...
Player connection [12988] Host joined alternative multi-casting on [225.0.0.222:34997]...
[PhysX] Initialized MultithreadedTaskDispatcher with 16 workers.
Refreshing native plugins compatible for Editor in 35.45 ms, found 3 plugins.
Preloading 0 native plugins for Editor in 0.00 ms.
Initialize engine version: 2022.3.42f1 (2dcb6a0abc42)
[Subsystems] Discovering subsystems at path C:/Program Files/Unity/Hub/Editor/2022.3.42f1/Editor/Data/Resources/UnitySubsystems
[Subsystems] Discovering subsystems at path C:/Users/charl/proj/UnityBullshit/Phorge/Phorge/Assets
GfxDevice: creating device client; threaded=0; jobified=0
Direct3D:
    Version:  Direct3D 11.0 [level 11.1]
    Renderer: NVIDIA GeForce RTX 3060 Laptop GPU (ID=0x2560)
    Vendor:   NVIDIA
    VRAM:     5996 MB
    Driver:   32.0.15.5612
Initialize mono
Mono path[0] = 'C:/Program Files/Unity/Hub/Editor/2022.3.42f1/Editor/Data/Managed'
Mono path[1] = 'C:/Program Files/Unity/Hub/Editor/2022.3.42f1/Editor/Data/MonoBleedingEdge/lib/mono/unityjit-win32'
Mono config path = 'C:/Program Files/Unity/Hub/Editor/2022.3.42f1/Editor/Data/MonoBleedingEdge/etc'
Using monoOptions --debugger-agent=transport=dt_socket,embedding=1,server=y,suspend=n,address=127.0.0.1:56932
Begin MonoManager ReloadAssembly
Registering precompiled unity dll's ...
Register platform support module: C:/Program Files/Unity/Hub/Editor/2022.3.42f1/Editor/Data/PlaybackEngines/WindowsStandaloneSupport/UnityEditor.WindowsStandalone.Extensions.dll
Registered in 0.014512 seconds.
- Loaded All Assemblies, in  0.412 seconds
Native extension for WindowsStandalone target not found
Mono: successfully reloaded assembly
- Finished resetting the current domain, in  0.292 seconds
Domain Reload Profiling: 699ms
	BeginReloadAssembly (139ms)
		ExecutionOrderSort (0ms)
		DisableScriptedObjects (0ms)
		BackupInstance (0ms)
		ReleaseScriptingObjects (0ms)
		CreateAndSetChildDomain (1ms)
	RebuildCommonClasses (34ms)
	RebuildNativeTypeToScriptingClass (9ms)
	initialDomainReloadingComplete (75ms)
	LoadAllAssembliesAndSetupDomain (150ms)
		LoadAssemblies (134ms)
		RebuildTransferFunctionScriptingTraits (0ms)
		AnalyzeDomain (148ms)
			TypeCache.Refresh (146ms)
				TypeCache.ScanAssembly (132ms)
			ScanForSourceGeneratedMonoScriptInfo (0ms)
			ResolveRequiredComponents (0ms)
	FinalizeReload (292ms)
		ReleaseScriptCaches (0ms)
		RebuildScriptCaches (0ms)
		SetupLoadedEditorAssemblies (245ms)
			LogAssemblyErrors (0ms)
			InitializePlatformSupportModulesInManaged (15ms)
			SetLoadedEditorAssemblies (9ms)
			RefreshPlugins (0ms)
			BeforeProcessingInitializeOnLoad (2ms)
			ProcessInitializeOnLoadAttributes (164ms)
			ProcessInitializeOnLoadMethodAttributes (55ms)
			AfterProcessingInitializeOnLoad (0ms)
			EditorAssembliesLoaded (0ms)
		ExecutionOrderSort2 (0ms)
		AwakeInstancesAfterBackupRestoration (0ms)
========================================================================
Worker process is ready to serve import requests
Caller must complete domain reload
Begin MonoManager ReloadAssembly
- Loaded All Assemblies, in  0.718 seconds
Native extension for WindowsStandalone target not found
Package Manager log level set to [2]
[Package Manager] Server::EnsureServerProcessIsRunning -- launch failed, reason: Unity was launched with the -noUpm command-line argument
[Package Manager] UpmClient::Send -- Unable to send message (not connected to UPM process).
[Package Manager] Cannot connect to Unity Package Manager local server
Mono: successfully reloaded assembly
- Finished resetting the current domain, in  0.819 seconds
Domain Reload Profiling: 1528ms
	BeginReloadAssembly (181ms)
		ExecutionOrderSort (0ms)
		DisableScriptedObjects (5ms)
		BackupInstance (0ms)
		ReleaseScriptingObjects (0ms)
		CreateAndSetChildDomain (22ms)
	RebuildCommonClasses (34ms)
	RebuildNativeTypeToScriptingClass (10ms)
	initialDomainReloadingComplete (53ms)
	LoadAllAssembliesAndSetupDomain (430ms)
		LoadAssemblies (385ms)
		RebuildTransferFunctionScriptingTraits (0ms)
		AnalyzeDomain (165ms)
			TypeCache.Refresh (146ms)
				TypeCache.ScanAssembly (129ms)
			ScanForSourceGeneratedMonoScriptInfo (14ms)
			ResolveRequiredComponents (4ms)
	FinalizeReload (820ms)
		ReleaseScriptCaches (0ms)
		RebuildScriptCaches (0ms)
		SetupLoadedEditorAssemblies (692ms)
			LogAssemblyErrors (0ms)
			InitializePlatformSupportModulesInManaged (8ms)
			SetLoadedEditorAssemblies (3ms)
			RefreshPlugins (0ms)
			BeforeProcessingInitializeOnLoad (75ms)
			ProcessInitializeOnLoadAttributes (571ms)
			ProcessInitializeOnLoadMethodAttributes (20ms)
			AfterProcessingInitializeOnLoad (14ms)
			EditorAssembliesLoaded (0ms)
		ExecutionOrderSort2 (0ms)
		AwakeInstancesAfterBackupRestoration (7ms)
Launched and connected shader compiler UnityShaderCompiler.exe after 0.16 seconds
Refreshing native plugins compatible for Editor in 7.73 ms, found 3 plugins.
Preloading 0 native plugins for Editor in 0.00 ms.
Unloading 3100 Unused Serialized files (Serialized files now loaded: 0)
Unloading 19 unused Assets / (54.5 KB). Loaded Objects now: 3569.
Memory consumption went from 119.5 MB to 119.4 MB.
Total: 4.861100 ms (FindLiveObjects: 0.265200 ms CreateObjectMapping: 0.203300 ms MarkObjects: 4.245800 ms  DeleteObjects: 0.144800 ms)

AssetImportParameters requested are different than current active one (requested -> active):
  custom:container-demuxer-ogg: 62fdf1f143b41e24485cea50d1cbac27 -> 
  custom:video-codec-MediaFoundation-h265: 746d11721c4dcdbdad8f713fa42b33f4 -> 
  custom:video-decoder-ogg-theora: a1e56fd34408186e4bbccfd4996cb3dc -> 
  custom:framework-win-MediaFoundation: 216162199b28c13a410421893ffa2e32 -> 
  custom:CustomObjectIndexerAttribute: 9a22284fe3817be447336de3de66b15e -> 
  custom:container-demuxer-webm: 4f35f7cbe854078d1ac9338744f61a02 -> 
  custom:container-muxer-webm: aa71ff27fc2769a1b78a27578f13a17b -> 
  custom:video-decoder-webm-vp8: 9c59270c3fd7afecdb556c50c9e8de78 -> 
  custom:SearchIndexIgnoredProperties: e643bd26f0fe6173181afceb89e7c659 -> 
  custom:AudioImporter_EditorPlatform: d09bf68614088b80899f8185d706f6e7 -> 
  custom:video-encoder-webm-vp8: eb34c28f22e8b96e1ab97ce403110664 -> 
  custom:audio-decoder-ogg-vorbis: bf7c407c2cedff20999df2af8eb42d56 -> 
  custom:audio-encoder-webm-vorbis: bf7c407c2cedff20999df2af8eb42d56 -> 
========================================================================
Received Import Request.
  Time since last request: 507150.850564 seconds.
  path: Assets/LowPolyMedievalPropsLite/Prefabs/Barrel_01.prefab
  artifactKey: Guid(af0251662ce5880478fc4015a2c7df13) Importer(815301076,1909f56bfc062723c751e8b465ee728b)
Start importing Assets/LowPolyMedievalPropsLite/Prefabs/Barrel_01.prefab using Guid(af0251662ce5880478fc4015a2c7df13) Importer(815301076,1909f56bfc062723c751e8b465ee728b) [PhysX] Initialized MultithreadedTaskDispatcher with 16 workers.
[PhysX] Initialized MultithreadedTaskDispatcher with 16 workers.
 -> (artifact id: 'ed49380419dfc95a99c7ba2d6ffae954') in 0.126225 seconds
Number of updated asset objects reloaded before import = 0
Number of asset objects unloaded after import = 10
========================================================================
Received Import Request.
  Time since last request: 0.000026 seconds.
  path: Assets/LowPolyMedievalPropsLite/Prefabs/Food_06.prefab
  artifactKey: Guid(633dca2d2047e074ebf00763cd0f7ff4) Importer(815301076,1909f56bfc062723c751e8b465ee728b)
Start importing Assets/LowPolyMedievalPropsLite/Prefabs/Food_06.prefab using Guid(633dca2d2047e074ebf00763cd0f7ff4) Importer(815301076,1909f56bfc062723c751e8b465ee728b) [PhysX] Initialized MultithreadedTaskDispatcher with 16 workers.
[PhysX] Initialized MultithreadedTaskDispatcher with 16 workers.
 -> (artifact id: 'feb32474a652e11e5488601d635cb25f') in 0.014583 seconds
Number of updated asset objects reloaded before import = 0
Number of asset objects unloaded after import = 10
========================================================================
Received Import Request.
  Time since last request: 0.000030 seconds.
  path: Assets/LowPolyMedievalPropsLite/Prefabs/Plate_02.prefab
  artifactKey: Guid(c12c2872ef9d9e94fb404dc0c9784fcb) Importer(815301076,1909f56bfc062723c751e8b465ee728b)
Start importing Assets/LowPolyMedievalPropsLite/Prefabs/Plate_02.prefab using Guid(c12c2872ef9d9e94fb404dc0c9784fcb) Importer(815301076,1909f56bfc062723c751e8b465ee728b) [PhysX] Initialized MultithreadedTaskDispatcher with 16 workers.
[PhysX] Initialized MultithreadedTaskDispatcher with 16 workers.
 -> (artifact id: '418dd34042f9cef79dbf0717214ab465') in 0.012858 seconds
Number of updated asset objects reloaded before import = 0
Number of asset objects unloaded after import = 10
========================================================================
Received Import Request.
  Time since last request: 0.000022 seconds.
  path: Assets/LowPolyMedievalPropsLite/Prefabs/Pointer_03.prefab
  artifactKey: Guid(43a2c776338fcb84ca02d902bbfd0a20) Importer(815301076,1909f56bfc062723c751e8b465ee728b)
Start importing Assets/LowPolyMedievalPropsLite/Prefabs/Pointer_03.prefab using Guid(43a2c776338fcb84ca02d902bbfd0a20) Importer(815301076,1909f56bfc062723c751e8b465ee728b) [PhysX] Initialized MultithreadedTaskDispatcher with 16 workers.
[PhysX] Initialized MultithreadedTaskDispatcher with 16 workers.
 -> (artifact id: '34a41e39034013ff4706db1048650718') in 0.014237 seconds
Number of updated asset objects reloaded before import = 0
Number of asset objects unloaded after import = 10
========================================================================
Received Import Request.
  Time since last request: 0.000025 seconds.
  path: Assets/LowPolyMedievalPropsLite/Prefabs/Wineglass_01.prefab
  artifactKey: Guid(675b3bbef6ce0924784ad185c6118c34) Importer(815301076,1909f56bfc062723c751e8b465ee728b)
Start importing Assets/LowPolyMedievalPropsLite/Prefabs/Wineglass_01.prefab using Guid(675b3bbef6ce0924784ad185c6118c34) Importer(815301076,1909f56bfc062723c751e8b465ee728b) [PhysX] Initialized MultithreadedTaskDispatcher with 16 workers.
[PhysX] Initialized MultithreadedTaskDispatcher with 16 workers.
 -> (artifact id: 'cc006164dd9d955003cdb6f9c34a7188') in 0.015412 seconds
Number of updated asset objects reloaded before import = 0
Number of asset objects unloaded after import = 10
========================================================================
Received Import Request.
  Time since last request: 0.000032 seconds.
  path: Assets/LowPolyMedievalPropsLite/Prefabs/WoodPlank_02.prefab
  artifactKey: Guid(8be4dcaf6b4245341b59481c573c1ada) Importer(815301076,1909f56bfc062723c751e8b465ee728b)
Start importing Assets/LowPolyMedievalPropsLite/Prefabs/WoodPlank_02.prefab using Guid(8be4dcaf6b4245341b59481c573c1ada) Importer(815301076,1909f56bfc062723c751e8b465ee728b) [PhysX] Initialized MultithreadedTaskDispatcher with 16 workers.
[PhysX] Initialized MultithreadedTaskDispatcher with 16 workers.
 -> (artifact id: '2a0b5e6a5ab4e958c119ecf05a9ed1d8') in 0.013928 seconds
Number of updated asset objects reloaded before import = 0
Number of asset objects unloaded after import = 10
========================================================================
Received Import Request.
  Time since last request: 0.000033 seconds.
  path: Assets/LowPolyMedievalPropsLite/Prefabs/Coin_01.prefab
  artifactKey: Guid(503cf83fd490b1640bbc9aea8a7ded93) Importer(815301076,1909f56bfc062723c751e8b465ee728b)
Start importing Assets/LowPolyMedievalPropsLite/Prefabs/Coin_01.prefab using Guid(503cf83fd490b1640bbc9aea8a7ded93) Importer(815301076,1909f56bfc062723c751e8b465ee728b) [PhysX] Initialized MultithreadedTaskDispatcher with 16 workers.
[PhysX] Initialized MultithreadedTaskDispatcher with 16 workers.
 -> (artifact id: 'fdb615518798b9605a073aeafbb8d026') in 0.019680 seconds
Number of updated asset objects reloaded before import = 0
Number of asset objects unloaded after import = 10
========================================================================
Received Import Request.
  Time since last request: 0.000029 seconds.
  path: Assets/LowPolyMedievalPropsLite/Prefabs/Box_01.prefab
  artifactKey: Guid(e0b2792fd3ecf274fa1b9172d6962562) Importer(815301076,1909f56bfc062723c751e8b465ee728b)
Start importing Assets/LowPolyMedievalPropsLite/Prefabs/Box_01.prefab using Guid(e0b2792fd3ecf274fa1b9172d6962562) Importer(815301076,1909f56bfc062723c751e8b465ee728b) [PhysX] Initialized MultithreadedTaskDispatcher with 16 workers.
[PhysX] Initialized MultithreadedTaskDispatcher with 16 workers.
 -> (artifact id: 'd3c695a3f22660fe1424e1850ee0e690') in 0.017587 seconds
Number of updated asset objects reloaded before import = 0
Number of asset objects unloaded after import = 10
========================================================================
Received Import Request.
  Time since last request: 0.000025 seconds.
  path: Assets/LowPolyMedievalPropsLite/Prefabs/Bottle_01.prefab
  artifactKey: Guid(b6f9b587034166549809f3a9c6c33262) Importer(815301076,1909f56bfc062723c751e8b465ee728b)
Start importing Assets/LowPolyMedievalPropsLite/Prefabs/Bottle_01.prefab using Guid(b6f9b587034166549809f3a9c6c33262) Importer(815301076,1909f56bfc062723c751e8b465ee728b) [PhysX] Initialized MultithreadedTaskDispatcher with 16 workers.
[PhysX] Initialized MultithreadedTaskDispatcher with 16 workers.
 -> (artifact id: '1e135250b30aa28f56a2e810505beadf') in 0.015749 seconds
Number of updated asset objects reloaded before import = 0
Number of asset objects unloaded after import = 10
========================================================================
Received Import Request.
  Time since last request: 0.000026 seconds.
  path: Assets/LowPolyMedievalPropsLite/Prefabs/Furniture_03.prefab
  artifactKey: Guid(426f5685ee9aca84491d8c314be1350f) Importer(815301076,1909f56bfc062723c751e8b465ee728b)
Start importing Assets/LowPolyMedievalPropsLite/Prefabs/Furniture_03.prefab using Guid(426f5685ee9aca84491d8c314be1350f) Importer(815301076,1909f56bfc062723c751e8b465ee728b) [PhysX] Initialized MultithreadedTaskDispatcher with 16 workers.
[PhysX] Initialized MultithreadedTaskDispatcher with 16 workers.
 -> (artifact id: '9158edc9596dd2a580321c94c46eb65c') in 0.015071 seconds
Number of updated asset objects reloaded before import = 0
Number of asset objects unloaded after import = 10
========================================================================
Received Import Request.
  Time since last request: 0.000028 seconds.
  path: Assets/LowPolyMedievalPropsLite/Prefabs/Stone_01.prefab
  artifactKey: Guid(89a32941865132c4ba1c2782790ed46b) Importer(815301076,1909f56bfc062723c751e8b465ee728b)
Start importing Assets/LowPolyMedievalPropsLite/Prefabs/Stone_01.prefab using Guid(89a32941865132c4ba1c2782790ed46b) Importer(815301076,1909f56bfc062723c751e8b465ee728b) [PhysX] Initialized MultithreadedTaskDispatcher with 16 workers.
[PhysX] Initialized MultithreadedTaskDispatcher with 16 workers.
 -> (artifact id: '05ccaf5cec900b7ee8ae61cc262def80') in 0.014051 seconds
Number of updated asset objects reloaded before import = 0
Number of asset objects unloaded after import = 10
========================================================================
Received Import Request.
  Time since last request: 416.397998 seconds.
  path: Assets/Low-Poly Medieval Market/Prefabs/Weapons/axe.prefab
  artifactKey: Guid(8b8e806db3adde3489409c3768a42f9a) Importer(815301076,1909f56bfc062723c751e8b465ee728b)
Start importing Assets/Low-Poly Medieval Market/Prefabs/Weapons/axe.prefab using Guid(8b8e806db3adde3489409c3768a42f9a) Importer(815301076,1909f56bfc062723c751e8b465ee728b) [PhysX] Initialized MultithreadedTaskDispatcher with 16 workers.
[PhysX] Initialized MultithreadedTaskDispatcher with 16 workers.
 -> (artifact id: '48a0eb7e39ab615e08e3c5930a1a2968') in 0.055371 seconds
Number of updated asset objects reloaded before import = 0
Number of asset objects unloaded after import = 9
========================================================================
Received Import Request.
  Time since last request: 0.000036 seconds.
  path: Assets/Low-Poly Medieval Market/Prefabs/Weapons/crossbow.prefab
  artifactKey: Guid(8d5cf3cf8ffea8644b3a44cd6870c703) Importer(815301076,1909f56bfc062723c751e8b465ee728b)
Start importing Assets/Low-Poly Medieval Market/Prefabs/Weapons/crossbow.prefab using Guid(8d5cf3cf8ffea8644b3a44cd6870c703) Importer(815301076,1909f56bfc062723c751e8b465ee728b) [PhysX] Initialized MultithreadedTaskDispatcher with 16 workers.
[PhysX] Initialized MultithreadedTaskDispatcher with 16 workers.
 -> (artifact id: '21f9961731b1ce670e2022f9f19ca151') in 0.049871 seconds
Number of updated asset objects reloaded before import = 0
Number of asset objects unloaded after import = 24
========================================================================
Received Import Request.
  Time since last request: 0.000048 seconds.
  path: Assets/Low-Poly Medieval Market/Prefabs/Weapons/mace.prefab
  artifactKey: Guid(93b246921b0fb3d4fa054186c3505528) Importer(815301076,1909f56bfc062723c751e8b465ee728b)
Start importing Assets/Low-Poly Medieval Market/Prefabs/Weapons/mace.prefab using Guid(93b246921b0fb3d4fa054186c3505528) Importer(815301076,1909f56bfc062723c751e8b465ee728b) [PhysX] Initialized MultithreadedTaskDispatcher with 16 workers.
[PhysX] Initialized MultithreadedTaskDispatcher with 16 workers.
 -> (artifact id: 'f4c17ce15f1256653f308f652382a2e5') in 0.037508 seconds
Number of updated asset objects reloaded before import = 0
Number of asset objects unloaded after import = 9
========================================================================
Received Import Request.
  Time since last request: 0.000043 seconds.
  path: Assets/Low-Poly Medieval Market/Prefabs/Weapons/dagger.prefab
  artifactKey: Guid(0118f73dbd62e9a48a59bb12475c9a5f) Importer(815301076,1909f56bfc062723c751e8b465ee728b)
Start importing Assets/Low-Poly Medieval Market/Prefabs/Weapons/dagger.prefab using Guid(0118f73dbd62e9a48a59bb12475c9a5f) Importer(815301076,1909f56bfc062723c751e8b465ee728b) [PhysX] Initialized MultithreadedTaskDispatcher with 16 workers.
[PhysX] Initialized MultithreadedTaskDispatcher with 16 workers.
 -> (artifact id: '41c6eb7e750f14578ee892337a316771') in 0.037949 seconds
Number of updated asset objects reloaded before import = 0
Number of asset objects unloaded after import = 9
========================================================================
Received Import Request.
  Time since last request: 0.000035 seconds.
  path: Assets/Low-Poly Medieval Market/Prefabs/Weapons/one_handed_sword.prefab
  artifactKey: Guid(a262d897f717f8f4f8c816f018cf988c) Importer(815301076,1909f56bfc062723c751e8b465ee728b)
Start importing Assets/Low-Poly Medieval Market/Prefabs/Weapons/one_handed_sword.prefab using Guid(a262d897f717f8f4f8c816f018cf988c) Importer(815301076,1909f56bfc062723c751e8b465ee728b) [PhysX] Initialized MultithreadedTaskDispatcher with 16 workers.
[PhysX] Initialized MultithreadedTaskDispatcher with 16 workers.
 -> (artifact id: '3407de38bd350d2938cb0357a54c0c04') in 0.038575 seconds
Number of updated asset objects reloaded before import = 0
Number of asset objects unloaded after import = 9
========================================================================
Received Import Request.
  Time since last request: 0.000034 seconds.
  path: Assets/Low-Poly Medieval Market/Prefabs/Weapons/shield_02.prefab
  artifactKey: Guid(44e79123abd9236488753ed07fadb5db) Importer(815301076,1909f56bfc062723c751e8b465ee728b)
Start importing Assets/Low-Poly Medieval Market/Prefabs/Weapons/shield_02.prefab using Guid(44e79123abd9236488753ed07fadb5db) Importer(815301076,1909f56bfc062723c751e8b465ee728b) [PhysX] Initialized MultithreadedTaskDispatcher with 16 workers.
[PhysX] Initialized MultithreadedTaskDispatcher with 16 workers.
 -> (artifact id: 'f60bf651016853410729d5b84ee02edf') in 0.039786 seconds
Number of updated asset objects reloaded before import = 0
Number of asset objects unloaded after import = 9
========================================================================
Received Import Request.
  Time since last request: 0.000032 seconds.
  path: Assets/Low-Poly Medieval Market/Prefabs/Weapons/short_sword.prefab
  artifactKey: Guid(999f1c6fc24d87c459f66a5e2b19e6fb) Importer(815301076,1909f56bfc062723c751e8b465ee728b)
Start importing Assets/Low-Poly Medieval Market/Prefabs/Weapons/short_sword.prefab using Guid(999f1c6fc24d87c459f66a5e2b19e6fb) Importer(815301076,1909f56bfc062723c751e8b465ee728b) [PhysX] Initialized MultithreadedTaskDispatcher with 16 workers.
[PhysX] Initialized MultithreadedTaskDispatcher with 16 workers.
 -> (artifact id: 'b2534b269327b11c625a36cc1e0701c6') in 0.041854 seconds
Number of updated asset objects reloaded before import = 0
Number of asset objects unloaded after import = 9
========================================================================
Received Import Request.
  Time since last request: 0.000035 seconds.
  path: Assets/Low-Poly Medieval Market/Prefabs/Weapons/blacksmith_hammer.prefab
  artifactKey: Guid(bceb571a8d099a343a86ddb624f88303) Importer(815301076,1909f56bfc062723c751e8b465ee728b)
Start importing Assets/Low-Poly Medieval Market/Prefabs/Weapons/blacksmith_hammer.prefab using Guid(bceb571a8d099a343a86ddb624f88303) Importer(815301076,1909f56bfc062723c751e8b465ee728b) [PhysX] Initialized MultithreadedTaskDispatcher with 16 workers.
[PhysX] Initialized MultithreadedTaskDispatcher with 16 workers.
 -> (artifact id: '8428ecf6c3320d7065efac558d159869') in 0.039165 seconds
Number of updated asset objects reloaded before import = 0
Number of asset objects unloaded after import = 9
========================================================================
Received Import Request.
  Time since last request: 0.000043 seconds.
  path: Assets/Low-Poly Medieval Market/Prefabs/Weapons/short_bow.prefab
  artifactKey: Guid(b37d60f5221e08e4bb26a1a6a00c5bf8) Importer(815301076,1909f56bfc062723c751e8b465ee728b)
Start importing Assets/Low-Poly Medieval Market/Prefabs/Weapons/short_bow.prefab using Guid(b37d60f5221e08e4bb26a1a6a00c5bf8) Importer(815301076,1909f56bfc062723c751e8b465ee728b) [PhysX] Initialized MultithreadedTaskDispatcher with 16 workers.
[PhysX] Initialized MultithreadedTaskDispatcher with 16 workers.
 -> (artifact id: '2c7a1d341c031e3ac34cb558b53b08bc') in 0.036860 seconds
Number of updated asset objects reloaded before import = 0
Number of asset objects unloaded after import = 14
========================================================================
Received Import Request.
  Time since last request: 2757.935537 seconds.
  path: Assets/BrokenVector/LowPolyDungeon/Prefabs/Furniture/Banner.prefab
  artifactKey: Guid(ad4bcbbca7d5fde4cbaa62e8f9296dd9) Importer(815301076,1909f56bfc062723c751e8b465ee728b)
Start importing Assets/BrokenVector/LowPolyDungeon/Prefabs/Furniture/Banner.prefab using Guid(ad4bcbbca7d5fde4cbaa62e8f9296dd9) Importer(815301076,1909f56bfc062723c751e8b465ee728b) [PhysX] Initialized MultithreadedTaskDispatcher with 16 workers.
[PhysX] Initialized MultithreadedTaskDispatcher with 16 workers.
 -> (artifact id: 'bc8467832ac643871560f02689fdf832') in 0.075572 seconds
Number of updated asset objects reloaded before import = 0
Number of asset objects unloaded after import = 11
========================================================================
Received Import Request.
  Time since last request: 0.000120 seconds.
  path: Assets/BrokenVector/LowPolyDungeon/Prefabs/Furniture/Barrel_Big.prefab
  artifactKey: Guid(d4fdeae2fb6f5d245b9a6116920d503e) Importer(815301076,1909f56bfc062723c751e8b465ee728b)
Start importing Assets/BrokenVector/LowPolyDungeon/Prefabs/Furniture/Barrel_Big.prefab using Guid(d4fdeae2fb6f5d245b9a6116920d503e) Importer(815301076,1909f56bfc062723c751e8b465ee728b) [PhysX] Initialized MultithreadedTaskDispatcher with 16 workers.
[PhysX] Initialized MultithreadedTaskDispatcher with 16 workers.
 -> (artifact id: '31729050dae9754b9be10c2ad9413d9a') in 0.026230 seconds
Number of updated asset objects reloaded before import = 0
Number of asset objects unloaded after import = 11
========================================================================
Received Import Request.
  Time since last request: 0.000032 seconds.
  path: Assets/BrokenVector/LowPolyDungeon/Prefabs/Furniture/Fireplace.prefab
  artifactKey: Guid(55320ad6284175349b1008aaf7238c7a) Importer(815301076,1909f56bfc062723c751e8b465ee728b)
Start importing Assets/BrokenVector/LowPolyDungeon/Prefabs/Furniture/Fireplace.prefab using Guid(55320ad6284175349b1008aaf7238c7a) Importer(815301076,1909f56bfc062723c751e8b465ee728b) [PhysX] Initialized MultithreadedTaskDispatcher with 16 workers.
[PhysX] Initialized MultithreadedTaskDispatcher with 16 workers.
 -> (artifact id: '1b31ece5d93b3fac7b6aafda309a6ccf') in 0.021513 seconds
Number of updated asset objects reloaded before import = 0
Number of asset objects unloaded after import = 15
========================================================================
Received Import Request.
  Time since last request: 0.000031 seconds.
  path: Assets/BrokenVector/LowPolyDungeon/Prefabs/Furniture/Shelf.prefab
  artifactKey: Guid(cb9bc6b96d830b64293c9fdff99b1743) Importer(815301076,1909f56bfc062723c751e8b465ee728b)
Start importing Assets/BrokenVector/LowPolyDungeon/Prefabs/Furniture/Shelf.prefab using Guid(cb9bc6b96d830b64293c9fdff99b1743) Importer(815301076,1909f56bfc062723c751e8b465ee728b) [PhysX] Initialized MultithreadedTaskDispatcher with 16 workers.
[PhysX] Initialized MultithreadedTaskDispatcher with 16 workers.
 -> (artifact id: 'e7ea2d708e29e725304f05ab228603f6') in 0.020164 seconds
Number of updated asset objects reloaded before import = 0
Number of asset objects unloaded after import = 10
========================================================================
Received Import Request.
  Time since last request: 0.000031 seconds.
  path: Assets/BrokenVector/LowPolyDungeon/Prefabs/Furniture/Shelf_Wall.prefab
  artifactKey: Guid(559f839e0f294cf499731ff6070352ac) Importer(815301076,1909f56bfc062723c751e8b465ee728b)
Start importing Assets/BrokenVector/LowPolyDungeon/Prefabs/Furniture/Shelf_Wall.prefab using Guid(559f839e0f294cf499731ff6070352ac) Importer(815301076,1909f56bfc062723c751e8b465ee728b) [PhysX] Initialized MultithreadedTaskDispatcher with 16 workers.
[PhysX] Initialized MultithreadedTaskDispatcher with 16 workers.
 -> (artifact id: '85fb12689f8c1161f5fecba69896f752') in 0.018592 seconds
Number of updated asset objects reloaded before import = 0
Number of asset objects unloaded after import = 10
========================================================================
Received Import Request.
  Time since last request: 0.000037 seconds.
  path: Assets/BrokenVector/LowPolyDungeon/Prefabs/Furniture/Table_Big.prefab
  artifactKey: Guid(0a7f51b5f4ba6294a889f661114da0d3) Importer(815301076,1909f56bfc062723c751e8b465ee728b)
Start importing Assets/BrokenVector/LowPolyDungeon/Prefabs/Furniture/Table_Big.prefab using Guid(0a7f51b5f4ba6294a889f661114da0d3) Importer(815301076,1909f56bfc062723c751e8b465ee728b) [PhysX] Initialized MultithreadedTaskDispatcher with 16 workers.
[PhysX] Initialized MultithreadedTaskDispatcher with 16 workers.
 -> (artifact id: '88d1067ba6d8f9dbefecc4c96f99b354') in 0.016967 seconds
Number of updated asset objects reloaded before import = 0
Number of asset objects unloaded after import = 10
========================================================================
Received Import Request.
  Time since last request: 0.000037 seconds.
  path: Assets/BrokenVector/LowPolyDungeon/Prefabs/Furniture/Bench.prefab
  artifactKey: Guid(ad2e0cfa2e8733c46ae66652ae0714f5) Importer(815301076,1909f56bfc062723c751e8b465ee728b)
Start importing Assets/BrokenVector/LowPolyDungeon/Prefabs/Furniture/Bench.prefab using Guid(ad2e0cfa2e8733c46ae66652ae0714f5) Importer(815301076,1909f56bfc062723c751e8b465ee728b) [PhysX] Initialized MultithreadedTaskDispatcher with 16 workers.
[PhysX] Initialized MultithreadedTaskDispatcher with 16 workers.
 -> (artifact id: '1840150f6b0e1e05023dcfa1ad2bede4') in 0.017836 seconds
Number of updated asset objects reloaded before import = 0
Number of asset objects unloaded after import = 10
========================================================================
Received Import Request.
  Time since last request: 0.000030 seconds.
  path: Assets/BrokenVector/LowPolyDungeon/Prefabs/Furniture/Barrel_Closed.prefab
  artifactKey: Guid(5adaedd4c0081614da171fecdf6bbd37) Importer(815301076,1909f56bfc062723c751e8b465ee728b)
Start importing Assets/BrokenVector/LowPolyDungeon/Prefabs/Furniture/Barrel_Closed.prefab using Guid(5adaedd4c0081614da171fecdf6bbd37) Importer(815301076,1909f56bfc062723c751e8b465ee728b) [PhysX] Initialized MultithreadedTaskDispatcher with 16 workers.
[PhysX] Initialized MultithreadedTaskDispatcher with 16 workers.
 -> (artifact id: 'a64ce369a404b974269fd01e0b848d79') in 0.019420 seconds
Number of updated asset objects reloaded before import = 0
Number of asset objects unloaded after import = 11
========================================================================
Received Import Request.
  Time since last request: 0.000026 seconds.
  path: Assets/BrokenVector/LowPolyDungeon/Prefabs/Furniture/Barrel_Open.prefab
  artifactKey: Guid(591bed4d8c69b824c81e7261d794d9f5) Importer(815301076,1909f56bfc062723c751e8b465ee728b)
Start importing Assets/BrokenVector/LowPolyDungeon/Prefabs/Furniture/Barrel_Open.prefab using Guid(591bed4d8c69b824c81e7261d794d9f5) Importer(815301076,1909f56bfc062723c751e8b465ee728b) [PhysX] Initialized MultithreadedTaskDispatcher with 16 workers.
[PhysX] Initialized MultithreadedTaskDispatcher with 16 workers.
 -> (artifact id: '7b9912e819f89fd6663bbe7ea4d288d7') in 0.018026 seconds
Number of updated asset objects reloaded before import = 0
Number of asset objects unloaded after import = 11
========================================================================
Received Import Request.
  Time since last request: 0.000028 seconds.
  path: Assets/BrokenVector/LowPolyDungeon/Prefabs/Furniture/Chair.prefab
  artifactKey: Guid(dc02f77b0506f764c9d22c61c681c4af) Importer(815301076,1909f56bfc062723c751e8b465ee728b)
Start importing Assets/BrokenVector/LowPolyDungeon/Prefabs/Furniture/Chair.prefab using Guid(dc02f77b0506f764c9d22c61c681c4af) Importer(815301076,1909f56bfc062723c751e8b465ee728b) [PhysX] Initialized MultithreadedTaskDispatcher with 16 workers.
[PhysX] Initialized MultithreadedTaskDispatcher with 16 workers.
 -> (artifact id: '5a4d82993686ab57625c6df503d25b87') in 0.019075 seconds
Number of updated asset objects reloaded before import = 0
Number of asset objects unloaded after import = 10
========================================================================
Received Import Request.
  Time since last request: 0.000024 seconds.
  path: Assets/BrokenVector/LowPolyDungeon/Prefabs/Furniture/Chest.prefab
  artifactKey: Guid(944bff624466e4242a3377fba75ddaf3) Importer(815301076,1909f56bfc062723c751e8b465ee728b)
Start importing Assets/BrokenVector/LowPolyDungeon/Prefabs/Furniture/Chest.prefab using Guid(944bff624466e4242a3377fba75ddaf3) Importer(815301076,1909f56bfc062723c751e8b465ee728b) [PhysX] Initialized MultithreadedTaskDispatcher with 16 workers.
[PhysX] Initialized MultithreadedTaskDispatcher with 16 workers.
 -> (artifact id: '098d0012fc2ff9070fe3bb5da316ed32') in 0.021397 seconds
Number of updated asset objects reloaded before import = 0
Number of asset objects unloaded after import = 34
========================================================================
Received Import Request.
  Time since last request: 0.000030 seconds.
  path: Assets/BrokenVector/LowPolyDungeon/Prefabs/Furniture/WeaponRack_Big.prefab
  artifactKey: Guid(797162f1e2611d14bac618083727de40) Importer(815301076,1909f56bfc062723c751e8b465ee728b)
Start importing Assets/BrokenVector/LowPolyDungeon/Prefabs/Furniture/WeaponRack_Big.prefab using Guid(797162f1e2611d14bac618083727de40) Importer(815301076,1909f56bfc062723c751e8b465ee728b) [PhysX] Initialized MultithreadedTaskDispatcher with 16 workers.
[PhysX] Initialized MultithreadedTaskDispatcher with 16 workers.
 -> (artifact id: 'aad6ecd67adf55c836c79e5d233cec82') in 0.015621 seconds
Number of updated asset objects reloaded before import = 0
Number of asset objects unloaded after import = 10
========================================================================
Received Import Request.
  Time since last request: 0.000033 seconds.
  path: Assets/BrokenVector/LowPolyDungeon/Prefabs/Furniture/ChestSmall.prefab
  artifactKey: Guid(e30cba1a921baf34084ac60b89ad0979) Importer(815301076,1909f56bfc062723c751e8b465ee728b)
Start importing Assets/BrokenVector/LowPolyDungeon/Prefabs/Furniture/ChestSmall.prefab using Guid(e30cba1a921baf34084ac60b89ad0979) Importer(815301076,1909f56bfc062723c751e8b465ee728b) [PhysX] Initialized MultithreadedTaskDispatcher with 16 workers.
[PhysX] Initialized MultithreadedTaskDispatcher with 16 workers.
 -> (artifact id: '314145912e57e771231cc8c29dd580ba') in 0.032484 seconds
Number of updated asset objects reloaded before import = 0
Number of asset objects unloaded after import = 33
========================================================================
Received Import Request.
  Time since last request: 0.000029 seconds.
  path: Assets/BrokenVector/LowPolyDungeon/Prefabs/Furniture/Oven.prefab
  artifactKey: Guid(c5ef04fb4ce25e046956b9dc2a11ead8) Importer(815301076,1909f56bfc062723c751e8b465ee728b)
Start importing Assets/BrokenVector/LowPolyDungeon/Prefabs/Furniture/Oven.prefab using Guid(c5ef04fb4ce25e046956b9dc2a11ead8) Importer(815301076,1909f56bfc062723c751e8b465ee728b) [PhysX] Initialized MultithreadedTaskDispatcher with 16 workers.
[PhysX] Initialized MultithreadedTaskDispatcher with 16 workers.
 -> (artifact id: '155dbf788971c1b3b097cfdbcd635515') in 0.013421 seconds
Number of updated asset objects reloaded before import = 0
Number of asset objects unloaded after import = 10
========================================================================
Received Import Request.
  Time since last request: 0.000022 seconds.
  path: Assets/BrokenVector/LowPolyDungeon/Prefabs/Furniture/Stool_round.prefab
  artifactKey: Guid(a8acfdda1f8f6064bbf4e2fe34b27e67) Importer(815301076,1909f56bfc062723c751e8b465ee728b)
Start importing Assets/BrokenVector/LowPolyDungeon/Prefabs/Furniture/Stool_round.prefab using Guid(a8acfdda1f8f6064bbf4e2fe34b27e67) Importer(815301076,1909f56bfc062723c751e8b465ee728b) [PhysX] Initialized MultithreadedTaskDispatcher with 16 workers.
[PhysX] Initialized MultithreadedTaskDispatcher with 16 workers.
 -> (artifact id: '4d388537de66e9db762eaabb3be07bb5') in 0.016164 seconds
Number of updated asset objects reloaded before import = 0
Number of asset objects unloaded after import = 10
========================================================================
Received Import Request.
  Time since last request: 0.000022 seconds.
  path: Assets/BrokenVector/LowPolyDungeon/Prefabs/Furniture/Stool_square.prefab
  artifactKey: Guid(a05d4d94c1106004abcd87df4b8f1777) Importer(815301076,1909f56bfc062723c751e8b465ee728b)
Start importing Assets/BrokenVector/LowPolyDungeon/Prefabs/Furniture/Stool_square.prefab using Guid(a05d4d94c1106004abcd87df4b8f1777) Importer(815301076,1909f56bfc062723c751e8b465ee728b) [PhysX] Initialized MultithreadedTaskDispatcher with 16 workers.
[PhysX] Initialized MultithreadedTaskDispatcher with 16 workers.
 -> (artifact id: 'c04ede9bfdc9f19ce46eb8896cfd4c84') in 0.014595 seconds
Number of updated asset objects reloaded before import = 0
Number of asset objects unloaded after import = 10
========================================================================
Received Import Request.
  Time since last request: 0.000047 seconds.
  path: Assets/BrokenVector/LowPolyDungeon/Prefabs/Furniture/WeaponRack_Small.prefab
  artifactKey: Guid(33b88a355dbcf1249aeafebe7d0f5879) Importer(815301076,1909f56bfc062723c751e8b465ee728b)
Start importing Assets/BrokenVector/LowPolyDungeon/Prefabs/Furniture/WeaponRack_Small.prefab using Guid(33b88a355dbcf1249aeafebe7d0f5879) Importer(815301076,1909f56bfc062723c751e8b465ee728b) [PhysX] Initialized MultithreadedTaskDispatcher with 16 workers.
[PhysX] Initialized MultithreadedTaskDispatcher with 16 workers.
 -> (artifact id: '9b63f51e450001d7513bcc2f5b9577d0') in 0.016323 seconds
Number of updated asset objects reloaded before import = 0
Number of asset objects unloaded after import = 10
========================================================================
Received Import Request.
  Time since last request: 0.000045 seconds.
  path: Assets/BrokenVector/LowPolyDungeon/Prefabs/Furniture/Throne.prefab
  artifactKey: Guid(760c802c9bcad6e4c98ab4909f7e92da) Importer(815301076,1909f56bfc062723c751e8b465ee728b)
Start importing Assets/BrokenVector/LowPolyDungeon/Prefabs/Furniture/Throne.prefab using Guid(760c802c9bcad6e4c98ab4909f7e92da) Importer(815301076,1909f56bfc062723c751e8b465ee728b) [PhysX] Initialized MultithreadedTaskDispatcher with 16 workers.
[PhysX] Initialized MultithreadedTaskDispatcher with 16 workers.
 -> (artifact id: '169e25ab8a4e2cadaf67e23ce0e2c1d2') in 0.016021 seconds
Number of updated asset objects reloaded before import = 0
Number of asset objects unloaded after import = 11
========================================================================
Received Import Request.
  Time since last request: 0.000028 seconds.
  path: Assets/BrokenVector/LowPolyDungeon/Prefabs/Furniture/Table_Small.prefab
  artifactKey: Guid(ce285a7430946e24ca0a9218777a7805) Importer(815301076,1909f56bfc062723c751e8b465ee728b)
Start importing Assets/BrokenVector/LowPolyDungeon/Prefabs/Furniture/Table_Small.prefab using Guid(ce285a7430946e24ca0a9218777a7805) Importer(815301076,1909f56bfc062723c751e8b465ee728b) [PhysX] Initialized MultithreadedTaskDispatcher with 16 workers.
[PhysX] Initialized MultithreadedTaskDispatcher with 16 workers.
 -> (artifact id: 'df3d809f80da46939bfa89dd402ff6de') in 0.014057 seconds
Number of updated asset objects reloaded before import = 0
Number of asset objects unloaded after import = 10
========================================================================
Received Import Request.
  Time since last request: 47.577008 seconds.
  path: Assets/Blink/Art/Characters/LowPoly/FREE_HumanLowPoly/Textures_Humans/LowPolyCharacterTexture.png
  artifactKey: Guid(7f66bbe09d1d8b64fab1a28afd42a2ed) Importer(815301076,1909f56bfc062723c751e8b465ee728b)
Start importing Assets/Blink/Art/Characters/LowPoly/FREE_HumanLowPoly/Textures_Humans/LowPolyCharacterTexture.png using Guid(7f66bbe09d1d8b64fab1a28afd42a2ed) Importer(815301076,1909f56bfc062723c751e8b465ee728b) [PhysX] Initialized MultithreadedTaskDispatcher with 16 workers.
[PhysX] Initialized MultithreadedTaskDispatcher with 16 workers.
 -> (artifact id: '9e37f590138e7659345fa8fb0e9fc464') in 0.101551 seconds
Number of updated asset objects reloaded before import = 0
Number of asset objects unloaded after import = 2
========================================================================
Received Import Request.
  Time since last request: 16.046768 seconds.
  path: Assets/LowPolyMedievalPropsLite/Models/Food_05.fbx
  artifactKey: Guid(416cb7e11aa1a4047a5209e5ade3e35c) Importer(815301076,1909f56bfc062723c751e8b465ee728b)
Start importing Assets/LowPolyMedievalPropsLite/Models/Food_05.fbx using Guid(416cb7e11aa1a4047a5209e5ade3e35c) Importer(815301076,1909f56bfc062723c751e8b465ee728b) [PhysX] Initialized MultithreadedTaskDispatcher with 16 workers.
[PhysX] Initialized MultithreadedTaskDispatcher with 16 workers.
[PhysX] Initialized MultithreadedTaskDispatcher with 16 workers.
 -> (artifact id: '290ef5cd80f06ead30e18afde5a10d90') in 0.066549 seconds
Number of updated asset objects reloaded before import = 0
Number of asset objects unloaded after import = 7
========================================================================
Received Import Request.
  Time since last request: 2.555137 seconds.
  path: Assets/Blink/Art/Animations/Animations_Starter_Pack/Combat/BowShot.fbx
  artifactKey: Guid(9cbb2a4d135c31e4cbeadac255ba4ecb) Importer(815301076,1909f56bfc062723c751e8b465ee728b)
Start importing Assets/Blink/Art/Animations/Animations_Starter_Pack/Combat/BowShot.fbx using Guid(9cbb2a4d135c31e4cbeadac255ba4ecb) Importer(815301076,1909f56bfc062723c751e8b465ee728b) [PhysX] Initialized MultithreadedTaskDispatcher with 16 workers.
 -> (artifact id: '04d2c20bccf97df08d73053a8762f4ec') in 0.016175 seconds
Number of updated asset objects reloaded before import = 0
Number of asset objects unloaded after import = 180
========================================================================
Received Import Request.
  Time since last request: 0.000023 seconds.
  path: Assets/Low-Poly Medieval Market/Textures/fish_market.tif
  artifactKey: Guid(cac5908482dc0b647be88bc9fedb328c) Importer(815301076,1909f56bfc062723c751e8b465ee728b)
Start importing Assets/Low-Poly Medieval Market/Textures/fish_market.tif using Guid(cac5908482dc0b647be88bc9fedb328c) Importer(815301076,1909f56bfc062723c751e8b465ee728b) [PhysX] Initialized MultithreadedTaskDispatcher with 16 workers.
[PhysX] Initialized MultithreadedTaskDispatcher with 16 workers.
 -> (artifact id: '55ea093373f36bbb56f2528173265100') in 0.069638 seconds
Number of updated asset objects reloaded before import = 0
Number of asset objects unloaded after import = 2
========================================================================
Received Import Request.
  Time since last request: 0.000063 seconds.
  path: Assets/Blink/Art/Characters/LowPoly/FREE_HumanLowPoly/Meshes_Humans/ArmorMeshes_Humans/PlateSet1_HumanMale.fbx
  artifactKey: Guid(10399581d9d41a44bb8984ec628263dd) Importer(815301076,1909f56bfc062723c751e8b465ee728b)
Start importing Assets/Blink/Art/Characters/LowPoly/FREE_HumanLowPoly/Meshes_Humans/ArmorMeshes_Humans/PlateSet1_HumanMale.fbx using Guid(10399581d9d41a44bb8984ec628263dd) Importer(815301076,1909f56bfc062723c751e8b465ee728b) [PhysX] Initialized MultithreadedTaskDispatcher with 16 workers.
[PhysX] Initialized MultithreadedTaskDispatcher with 16 workers.
[PhysX] Initialized MultithreadedTaskDispatcher with 16 workers.
[PhysX] Initialized MultithreadedTaskDispatcher with 16 workers.
[PhysX] Initialized MultithreadedTaskDispatcher with 16 workers.
[PhysX] Initialized MultithreadedTaskDispatcher with 16 workers.
[PhysX] Initialized MultithreadedTaskDispatcher with 16 workers.
[PhysX] Initialized MultithreadedTaskDispatcher with 16 workers.
[PhysX] Initialized MultithreadedTaskDispatcher with 16 workers.
[PhysX] Initialized MultithreadedTaskDispatcher with 16 workers.
 -> (artifact id: 'ad25987d621a26960948b1e39f67fe56') in 0.140683 seconds
Number of updated asset objects reloaded before import = 0
Number of asset objects unloaded after import = 197
========================================================================
Received Import Request.
  Time since last request: 5.889778 seconds.
  path: Assets/BrokenVector/LowPolyDungeon/Colliders/Tiles/Basement_Passage_Mix_col.fbx
  artifactKey: Guid(a0daac853f85fe24f980cfd80ded14ce) Importer(815301076,1909f56bfc062723c751e8b465ee728b)
Start importing Assets/BrokenVector/LowPolyDungeon/Colliders/Tiles/Basement_Passage_Mix_col.fbx using Guid(a0daac853f85fe24f980cfd80ded14ce) Importer(815301076,1909f56bfc062723c751e8b465ee728b) [PhysX] Initialized MultithreadedTaskDispatcher with 16 workers.
[PhysX] Initialized MultithreadedTaskDispatcher with 16 workers.
[PhysX] Initialized MultithreadedTaskDispatcher with 16 workers.
 -> (artifact id: '50e1cde758642a911c4293c923b761c2') in 0.022858 seconds
Number of updated asset objects reloaded before import = 0
Number of asset objects unloaded after import = 7
========================================================================
Received Import Request.
  Time since last request: 0.007206 seconds.
  path: Assets/BrokenVector/LowPolyDungeon/Colliders/Tiles/Basement_Wall_VarX_col.fbx
  artifactKey: Guid(8b7512608f06be7439b0fbeff727d993) Importer(815301076,1909f56bfc062723c751e8b465ee728b)
Start importing Assets/BrokenVector/LowPolyDungeon/Colliders/Tiles/Basement_Wall_VarX_col.fbx using Guid(8b7512608f06be7439b0fbeff727d993) Importer(815301076,1909f56bfc062723c751e8b465ee728b) [PhysX] Initialized MultithreadedTaskDispatcher with 16 workers.
[PhysX] Initialized MultithreadedTaskDispatcher with 16 workers.
[PhysX] Initialized MultithreadedTaskDispatcher with 16 workers.
 -> (artifact id: '6592cc65eb6c809a84bea973240f996c') in 0.019603 seconds
Number of updated asset objects reloaded before import = 0
Number of asset objects unloaded after import = 7
========================================================================
Received Import Request.
  Time since last request: 0.014791 seconds.
  path: Assets/Low-Poly Medieval Market/Textures/LaternsEmission.tif
  artifactKey: Guid(b05e25f72fc74f5408cdc9c4f1db9384) Importer(815301076,1909f56bfc062723c751e8b465ee728b)
Start importing Assets/Low-Poly Medieval Market/Textures/LaternsEmission.tif using Guid(b05e25f72fc74f5408cdc9c4f1db9384) Importer(815301076,1909f56bfc062723c751e8b465ee728b) [PhysX] Initialized MultithreadedTaskDispatcher with 16 workers.
[PhysX] Initialized MultithreadedTaskDispatcher with 16 workers.
 -> (artifact id: '7aea4a661eac12ab354155b3b04762e9') in 0.017611 seconds
Number of updated asset objects reloaded before import = 0
Number of asset objects unloaded after import = 2
Editor requested this worker to shutdown with reason: Scaling down because of idle timeout
TcpMessagingSession - receive error: operation aborted. errorcode: 995, details: The I/O operation has been aborted because of either a thread exit or an application request.
AssetImportWorker is now disconnected from the server
Process exiting
Exiting without the bug reporter. Application will terminate with return code 0